\BOOKMARK [0][-]{chapter*.2}{\376\377\000P\000r\000e\000f\000a\000c\000e}{}% 1
\BOOKMARK [0][-]{chapter*.3}{\376\377\000R\000e\000s\000o\000u\000r\000c\000e\000s}{}% 2
\BOOKMARK [1][-]{section.0.1}{\376\377\000L\000e\000a\000r\000n\000\040\000t\000o\000\040\000C\000o\000d\000e}{chapter*.3}% 3
\BOOKMARK [1][-]{section.0.2}{\376\377\000C\000o\000d\000i\000n\000g\000\040\000I\000n\000t\000e\000r\000v\000i\000e\000w\000\040\000P\000r\000e\000p}{chapter*.3}% 4
\BOOKMARK [1][-]{section.0.3}{\376\377\000A\000d\000v\000i\000c\000e\000\040\000a\000n\000d\000\040\000A\000p\000p\000l\000i\000c\000a\000t\000i\000o\000n}{chapter*.3}% 5
\BOOKMARK [0][-]{chapter.1}{\376\377\000G\000e\000t\000t\000i\000n\000g\000\040\000S\000t\000a\000r\000t\000e\000d}{}% 6
\BOOKMARK [1][-]{section.1.1}{\376\377\000B\000e\000f\000o\000r\000e\000\040\000Y\000o\000u\000\040\000B\000e\000g\000i\000n\000\040\000L\000e\000a\000r\000n\000i\000n\000g}{chapter.1}% 7
\BOOKMARK [0][-]{chapter.2}{\376\377\000T\000h\000e\000\040\000B\000u\000i\000l\000d\000i\000n\000g\000\040\000B\000l\000o\000c\000k\000s}{}% 8
\BOOKMARK [1][-]{section.2.1}{\376\377\000H\000T\000M\000L\000\040\000a\000n\000d\000\040\000C\000S\000S\000\040\000-\000\040\000F\000E\000,\000\040\000F\000S\000,\000\040\000B\000E}{chapter.2}% 9
\BOOKMARK [1][-]{section.2.2}{\376\377\000S\000a\000s\000s\000\040\000-\000\040\000F\000E\000,\000\040\000F\000S}{chapter.2}% 10
\BOOKMARK [1][-]{section.2.3}{\376\377\000C\000S\000S\000\040\000F\000r\000a\000m\000e\000w\000o\000r\000k\000s\000\040\000-\000\040\000F\000E\000,\000\040\000F\000S\000\040\000\050\000C\000h\000o\000o\000s\000e\000\040\000o\000n\000e\000\051}{chapter.2}% 11
\BOOKMARK [1][-]{section.2.4}{\376\377\000U\000I\000\040\000D\000e\000s\000i\000g\000n\000\040\000-\000\040\000F\000E}{chapter.2}% 12
\BOOKMARK [1][-]{section.2.5}{\376\377\000J\000a\000v\000a\000S\000c\000r\000i\000p\000t\000\040\000-\000\040\000F\000E\000,\000\040\000B\000E\000,\000\040\000F\000S}{chapter.2}% 13
\BOOKMARK [0][-]{chapter.3}{\376\377\000D\000e\000p\000l\000o\000y\000m\000e\000n\000t}{}% 14
\BOOKMARK [1][-]{section.3.1}{\376\377\000B\000a\000s\000i\000c\000\040\000F\000r\000o\000n\000t\000-\000e\000n\000d\000\040\000D\000e\000p\000l\000o\000y\000m\000e\000n\000t\000\040\000-\000\040\000F\000E\000,\000\040\000B\000E\000,\000\040\000F\000S}{chapter.3}% 15
\BOOKMARK [1][-]{section.3.2}{\376\377\000B\000a\000s\000i\000c\000s\000\040\000C\000o\000n\000c\000l\000u\000s\000i\000o\000n\000-\000\040\000F\000E\000,\000\040\000F\000S}{chapter.3}% 16
\BOOKMARK [1][-]{section.3.3}{\376\377\000W\000h\000a\000t\000\040\000N\000o\000w\000?}{chapter.3}% 17
\BOOKMARK [0][-]{chapter.4}{\376\377\000F\000r\000o\000n\000t\000-\000e\000n\000d\000\040\000S\000u\000p\000e\000r\000s\000t\000a\000r}{}% 18
\BOOKMARK [1][-]{section.4.1}{\376\377\000F\000r\000o\000n\000t\000-\000E\000n\000d\000\040\000F\000r\000a\000m\000e\000w\000o\000r\000k\000\040\000-\000\040\000F\000E\000,\000\040\000F\000S\000\040\000\050\000C\000h\000o\000o\000s\000e\000\040\000o\000n\000e\000\051}{chapter.4}% 19
\BOOKMARK [1][-]{section.4.2}{\376\377\000T\000y\000p\000e\000S\000c\000r\000i\000p\000t\000\040\000-\000\040\000F\000E\000,\000\040\000B\000E\000,\000\040\000F\000S}{chapter.4}% 20
\BOOKMARK [1][-]{section.4.3}{\376\377\000T\000e\000s\000t\000i\000n\000g}{chapter.4}% 21
\BOOKMARK [1][-]{section.4.4}{\376\377\000S\000e\000r\000v\000e\000r\000\040\000S\000i\000d\000e\000\040\000R\000e\000n\000d\000e\000r\000i\000n\000g\000\040\000\050\000C\000h\000o\000o\000s\000e\000\040\000o\000n\000e\000\051}{chapter.4}% 22
\BOOKMARK [1][-]{section.4.5}{\376\377\000S\000t\000a\000t\000i\000c\000\040\000S\000i\000t\000e\000\040\000G\000e\000n\000e\000r\000a\000t\000o\000r\000s\000\040\000\050\000C\000h\000o\000o\000s\000e\000\040\000o\000n\000e\000\051}{chapter.4}% 23
\BOOKMARK [1][-]{section.4.6}{\376\377\000H\000e\000a\000d\000l\000e\000s\000s\000\040\000C\000M\000S}{chapter.4}% 24
\BOOKMARK [1][-]{section.4.7}{\376\377\000T\000h\000e\000\040\000J\000a\000m\000s\000t\000a\000c\000k\000\040\000-\000\040\000J\000a\000v\000a\000S\000c\000r\000i\000p\000t\000,\000\040\000A\000P\000I\000s\000\040\000a\000n\000d\000\040\000M\000a\000r\000k\000u\000p}{chapter.4}% 25
\BOOKMARK [1][-]{section.4.8}{\376\377\000F\000r\000o\000n\000t\000-\000e\000n\000d\000\040\000S\000u\000p\000e\000r\000s\000t\000a\000r\000\040\000C\000o\000n\000c\000l\000u\000s\000i\000o\000n\000\040\000-\000\040\000F\000E\000,\000\040\000F\000S}{chapter.4}% 26
\BOOKMARK [0][-]{chapter.5}{\376\377\000B\000a\000c\000k\000-\000e\000n\000d\000/\000F\000u\000l\000l\000\040\000S\000t\000a\000c\000k}{}% 27
\BOOKMARK [1][-]{section.5.1}{\376\377\000S\000e\000r\000v\000e\000r\000\040\000S\000i\000d\000e\000\040\000L\000a\000n\000g\000u\000a\000g\000e\000\040\000-\000\040\000B\000E\000,\000\040\000F\000S\000\040\000\050\000C\000h\000o\000o\000s\000e\000\040\000o\000n\000e\000\051}{chapter.5}% 28
\BOOKMARK [1][-]{section.5.2}{\376\377\000S\000e\000r\000v\000e\000r\000\040\000S\000i\000d\000e\000\040\000F\000r\000a\000m\000e\000w\000o\000r\000k\000\040\000-\000\040\000B\000E\000,\000\040\000F\000S\000\040\000\050\000C\000h\000o\000o\000s\000e\000\040\000o\000n\000e\000\051}{chapter.5}% 29
\BOOKMARK [1][-]{section.5.3}{\376\377\000D\000a\000t\000a\000b\000a\000s\000e\000\040\000-\000\040\000B\000E\000,\000\040\000F\000S\000\040\000\050\000C\000h\000o\000o\000s\000e\000\040\000o\000n\000e\000\051}{chapter.5}% 30
\BOOKMARK [1][-]{section.5.4}{\376\377\000G\000r\000a\000p\000h\000Q\000L}{chapter.5}% 31
\BOOKMARK [1][-]{section.5.5}{\376\377\000S\000o\000c\000k\000e\000t\000.\000i\000o\000\040\000a\000n\000d\000\040\000R\000e\000a\000l\000-\000T\000i\000m\000e\000\040\000T\000e\000c\000h\000n\000o\000l\000o\000g\000i\000e\000s}{chapter.5}% 32
\BOOKMARK [1][-]{section.5.6}{\376\377\000W\000o\000r\000d\000P\000r\000e\000s\000s\000\040\000D\000e\000v\000e\000l\000o\000p\000m\000e\000n\000t}{chapter.5}% 33
\BOOKMARK [1][-]{section.5.7}{\376\377\000D\000e\000p\000l\000o\000y\000m\000e\000n\000t\000,\000\040\000S\000e\000r\000v\000e\000r\000s\000,\000\040\000a\000n\000d\000\040\000D\000e\000v\000O\000p\000s\000\040\000-\000\040\000B\000E\000,\000\040\000F\000S}{chapter.5}% 34
\BOOKMARK [1][-]{section.5.8}{\376\377\000C\000o\000n\000c\000l\000u\000s\000i\000o\000n\000:\000\040\000F\000u\000l\000l\000\040\000S\000t\000a\000c\000k\000\040\000D\000e\000v\000e\000l\000o\000p\000e\000r\000\040\000-\000\040\000B\000E\000,\000\040\000F\000S}{chapter.5}% 35
\BOOKMARK [0][-]{chapter.6}{\376\377\000E\000x\000t\000r\000a\000s}{}% 36
\BOOKMARK [1][-]{section.6.1}{\376\377\000M\000o\000b\000i\000l\000e\000\040\000D\000e\000v\000e\000l\000o\000p\000m\000e\000n\000t\000\040\000\050\000C\000h\000o\000o\000s\000e\000\040\000o\000n\000e\000\051}{chapter.6}% 37
\BOOKMARK [1][-]{section.6.2}{\376\377\000P\000r\000o\000g\000r\000e\000s\000s\000i\000v\000e\000\040\000W\000e\000b\000\040\000A\000p\000p\000s\000\040\000\050\000P\000W\000A\000\051}{chapter.6}% 38
\BOOKMARK [1][-]{section.6.3}{\376\377\000D\000e\000s\000k\000t\000o\000p\000\040\000A\000p\000p\000s\000\040\000w\000i\000t\000h\000\040\000W\000e\000b\000\040\000T\000e\000c\000h\000n\000o\000l\000o\000g\000i\000e\000s}{chapter.6}% 39
\BOOKMARK [1][-]{section.6.4}{\376\377\000A\000I\000/\000M\000a\000c\000h\000i\000n\000e\000\040\000L\000e\000a\000r\000n\000i\000n\000g}{chapter.6}% 40
\BOOKMARK [1][-]{section.6.5}{\376\377\000W\000e\000b\000\040\000A\000s\000s\000e\000m\000b\000l\000y}{chapter.6}% 41
\BOOKMARK [1][-]{section.6.6}{\376\377\000A\000l\000g\000o\000r\000i\000t\000h\000m\000s}{chapter.6}% 42
\BOOKMARK [1][-]{section.6.7}{\376\377\000D\000a\000t\000a\000\040\000s\000t\000r\000u\000c\000t\000u\000r\000e\000s\000\040\000\050\000P\000r\000i\000m\000i\000t\000i\000v\000e\000\040\000a\000n\000d\000\040\000n\000o\000n\000-\000p\000r\000i\000m\000i\000t\000i\000v\000e\000\051}{chapter.6}% 43
\BOOKMARK [1][-]{section.6.8}{\376\377\000S\000o\000f\000t\000w\000a\000r\000e\000\040\000D\000e\000s\000i\000g\000n\000\040\000P\000a\000t\000t\000e\000r\000n\000s}{chapter.6}% 44
\BOOKMARK [0][-]{chapter.7}{\376\377\000W\000h\000a\000t\000\040\000N\000o\000w}{}% 45
\BOOKMARK [1][-]{section.7.1}{\376\377\000L\000e\000a\000r\000n\000i\000n\000g\000\040\000P\000l\000a\000n}{chapter.7}% 46
\BOOKMARK [1][-]{section.7.2}{\376\377\000E\000x\000a\000m\000p\000l\000e\000\040\000J\000o\000b\000\040\000P\000o\000s\000t\000i\000n\000g\000s}{chapter.7}% 47
\BOOKMARK [0][-]{chapter.8}{\376\377\000L\000a\000n\000g\000u\000a\000g\000e\000s}{}% 48
\BOOKMARK [1][-]{section.8.1}{\376\377\000H\000T\000M\000L}{chapter.8}% 49
\BOOKMARK [1][-]{section.8.2}{\376\377\000C\000S\000S}{chapter.8}% 50
